<?xml version="1.0" encoding="UTF-8"?>
<!-- Generated by org.testng.reporters.JUnitReportReporter -->
<testsuite hostname="XXX" name="com.organization.automation.project.spice.mix.testng.extension.aop.guice.GuiceProxyUnitTests" tests="3" failures="0" timestamp="11 May 2013 19:57:24 GMT" time="0.719" errors="0">
  <testcase name="testAspectJSpringProxy_PositiveCase" time="0.703" classname="com.organization.automation.project.spice.mix.testng.extension.aop.guice.GuiceProxyUnitTests"/>
  <testcase name="testAspectJSpringProxy_PositiveCaseWithConstructorParameter" time="0.016" classname="com.organization.automation.project.spice.mix.testng.extension.aop.guice.GuiceProxyUnitTests"/>
  <testcase name="testAspectJSpringProxy_PositiveCaseWithAspect" time="0.000" classname="com.organization.automation.project.spice.mix.testng.extension.aop.guice.GuiceProxyUnitTests"/>
</testsuite> <!-- com.organization.automation.project.spice.mix.testng.extension.aop.guice.GuiceProxyUnitTests -->
