<?xml version="1.0" encoding="UTF-8"?>
<!-- Generated by org.testng.reporters.JUnitReportReporter -->
<testsuite hostname="XXX" name="com.organization.automation.project.spice.mix.testng.extension.aop.spring.InitializationTests_TestSet" tests="2" failures="0" timestamp="11 May 2013 19:12:00 GMT" time="0.016" errors="0">
  <testcase name="isQAEnvOK" time="0.016" classname="com.organization.automation.project.spice.mix.testng.extension.aop.spring.InitializationTests_TestSet"/>
  <testcase name="isLocalTAFEnvOK" time="0.000" classname="com.organization.automation.project.spice.mix.testng.extension.aop.spring.InitializationTests_TestSet"/>
</testsuite> <!-- com.organization.automation.project.spice.mix.testng.extension.aop.spring.InitializationTests_TestSet -->
