<?xml version="1.0" encoding="UTF-8"?>
<!-- Generated by org.testng.reporters.JUnitReportReporter -->
<testsuite hostname="XXX" name="com.organization.automation.project.spice.mix.testng.extension.aop.spring.AspectJSpringProxyUnitTests" tests="3" failures="0" timestamp="11 May 2013 19:12:00 GMT" time="1.766" errors="0">
  <testcase name="testAspectJSpringProxy_PositiveCaseWithConstructorParameter" time="0.204" classname="com.organization.automation.project.spice.mix.testng.extension.aop.spring.AspectJSpringProxyUnitTests"/>
  <testcase name="testAspectJSpringProxy_PositiveCaseWithAspect" time="0.078" classname="com.organization.automation.project.spice.mix.testng.extension.aop.spring.AspectJSpringProxyUnitTests"/>
  <testcase name="testAspectJSpringProxy_PositiveCase" time="1.484" classname="com.organization.automation.project.spice.mix.testng.extension.aop.spring.AspectJSpringProxyUnitTests"/>
</testsuite> <!-- com.organization.automation.project.spice.mix.testng.extension.aop.spring.AspectJSpringProxyUnitTests -->
