<?xml version="1.0" encoding="UTF-8"?>
<!-- Generated by org.testng.reporters.JUnitReportReporter -->
<testsuite hostname="XXX" name="com.organization.automation.project.spice.mix.testng.extension.aop.spring.SpringProxyUnitTests" tests="2" failures="0" timestamp="11 May 2013 17:49:17 GMT" time="0.204" errors="0">
  <testcase name="testSpringProxy_PositiveCaseWithAdvice" time="0.016" classname="com.organization.automation.project.spice.mix.testng.extension.aop.spring.SpringProxyUnitTests"/>
  <testcase name="testSpringProxy_PositiveCase" time="0.188" classname="com.organization.automation.project.spice.mix.testng.extension.aop.spring.SpringProxyUnitTests"/>
</testsuite> <!-- com.organization.automation.project.spice.mix.testng.extension.aop.spring.SpringProxyUnitTests -->
