<?xml version="1.0" encoding="UTF-8"?>
<!-- Generated by org.testng.reporters.JUnitReportReporter -->
<testsuite hostname="XXX" name="com.organization.automation.project.spice.mix.testng.feature.abstract_tc.tests.AcceptanceTests_Feature_AbstractTC" tests="1" failures="0" timestamp="11 May 2013 17:49:17 GMT" time="0.047" errors="0">
  <testcase name="isAbstractTCworks" time="0.047" classname="com.organization.automation.project.spice.mix.testng.feature.abstract_tc.tests.AcceptanceTests_Feature_AbstractTC"/>
</testsuite> <!-- com.organization.automation.project.spice.mix.testng.feature.abstract_tc.tests.AcceptanceTests_Feature_AbstractTC -->
