<?xml version="1.0" encoding="UTF-8"?>
<!-- Generated by org.testng.reporters.JUnitReportReporter -->
<testsuite hostname="XXX" name="com.organization.automation.project.spice.mix.testng.extension.aop.spring.AspectJProxyUnitTests" tests="2" failures="0" timestamp="11 May 2013 20:40:41 GMT" time="0.047" errors="0">
  <testcase name="testAspectJProxy_PositiveCaseWithConstructorParameter" time="0.015" classname="com.organization.automation.project.spice.mix.testng.extension.aop.spring.AspectJProxyUnitTests"/>
  <testcase name="testAspectJProxy_PositiveCase" time="0.032" classname="com.organization.automation.project.spice.mix.testng.extension.aop.spring.AspectJProxyUnitTests"/>
</testsuite> <!-- com.organization.automation.project.spice.mix.testng.extension.aop.spring.AspectJProxyUnitTests -->
