<?xml version="1.0" encoding="UTF-8"?>
<!-- Generated by org.testng.reporters.JUnitReportReporter -->
<testsuite hostname="XXX" name="com.organization.automation.project.spice.mix.testng.extension.assertions.CustomAssertUnitTests" tests="10" failures="0" timestamp="11 May 2013 16:42:15 GMT" time="0.000" errors="0">
  <testcase name="testBigIntegerAssert_smallNumbersLessCase" time="0.000" classname="com.organization.automation.project.spice.mix.testng.extension.assertions.CustomAssertUnitTests"/>
  <testcase name="testBigIntegerAssert_bigNumbersEqualObjectCase" time="0.000" classname="com.organization.automation.project.spice.mix.testng.extension.assertions.CustomAssertUnitTests"/>
  <testcase name="testBigIntegerAssert_smallNumbersNegativeCase" time="0.000" classname="com.organization.automation.project.spice.mix.testng.extension.assertions.CustomAssertUnitTests"/>
  <testcase name="testBigIntegerAssert_bigNumbersMoreCase" time="0.000" classname="com.organization.automation.project.spice.mix.testng.extension.assertions.CustomAssertUnitTests"/>
  <testcase name="testBigIntegerAssert_bigNumbersLessCase" time="0.000" classname="com.organization.automation.project.spice.mix.testng.extension.assertions.CustomAssertUnitTests"/>
  <testcase name="testBigIntegerAssert_smallNumbersCase" time="0.000" classname="com.organization.automation.project.spice.mix.testng.extension.assertions.CustomAssertUnitTests"/>
  <testcase name="testBigIntegerAssert_bigNumbersCase" time="0.000" classname="com.organization.automation.project.spice.mix.testng.extension.assertions.CustomAssertUnitTests"/>
  <testcase name="testBigIntegerAssert_mixNumbersLessCase" time="0.000" classname="com.organization.automation.project.spice.mix.testng.extension.assertions.CustomAssertUnitTests"/>
  <testcase name="testBigIntegerAssert_smallNumbersMoreCase" time="0.000" classname="com.organization.automation.project.spice.mix.testng.extension.assertions.CustomAssertUnitTests"/>
  <testcase name="testBigIntegerAssert_mixNumbersMoreCase" time="0.000" classname="com.organization.automation.project.spice.mix.testng.extension.assertions.CustomAssertUnitTests"/>
</testsuite> <!-- com.organization.automation.project.spice.mix.testng.extension.assertions.CustomAssertUnitTests -->
