<?xml version="1.0" encoding="UTF-8" ?>
<testsuite failures="0" time="0.282" errors="0" skipped="0" tests="1" name="com.organization.automation.project.spice.mix.bdd.jbehave.AbstractTCStory_UnitTests">
  <properties>
    <property name="java.runtime.name" value="Java(TM) SE Runtime Environment"/>
    <property name="sun.boot.library.path" value="c:\Java\jdk1.6.0_10\jre\bin"/>
    <property name="java.vm.version" value="11.0-b15"/>
    <property name="java.vm.vendor" value="Sun Microsystems Inc."/>
    <property name="java.vendor.url" value="http://java.sun.com/"/>
    <property name="path.separator" value=";"/>
    <property name="java.vm.name" value="Java HotSpot(TM) Client VM"/>
    <property name="file.encoding.pkg" value="sun.io"/>
    <property name="user.country" value="RU"/>
    <property name="sun.java.launcher" value="SUN_STANDARD"/>
    <property name="sun.os.patch.level" value="Service Pack 3"/>
    <property name="java.vm.specification.name" value="Java Virtual Machine Specification"/>
    <property name="user.dir" value="C:\github-repo\agileseph\automated-testing-concepts\spice\technology-mix\jUnit_+_jBehave_Mix"/>
    <property name="java.runtime.version" value="1.6.0_10-rc-b28"/>
    <property name="java.awt.graphicsenv" value="sun.awt.Win32GraphicsEnvironment"/>
    <property name="basedir" value="C:\github-repo\agileseph\automated-testing-concepts\spice\technology-mix\jUnit_+_jBehave_Mix"/>
    <property name="java.endorsed.dirs" value="c:\Java\jdk1.6.0_10\jre\lib\endorsed"/>
    <property name="os.arch" value="x86"/>
    <property name="surefire.real.class.path" value="C:\Temp\surefirebooter48478.jar"/>
    <property name="java.io.tmpdir" value="C:\Temp\"/>
    <property name="line.separator" value="
"/>
    <property name="java.vm.specification.vendor" value="Sun Microsystems Inc."/>
    <property name="user.variant" value=""/>
    <property name="os.name" value="Windows XP"/>
    <property name="sun.jnu.encoding" value="Cp1251"/>
    <property name="java.library.path" value="c:\Java\jdk1.6.0_10\jre\bin;.;C:\WINDOWS\Sun\Java\bin;C:\WINDOWS\system32;C:\WINDOWS;F:\_IT_study\Ruby\system_files\Ruby193\bin;C:\oracle\product\10.2.0\db_1\bin;C:\WINDOWS\system32;C:\WINDOWS;C:\WINDOWS\System32\Wbem;C:\Program Files\Intel\DMIX;C:\Program Files\ThinkPad\ConnectUtilities;C:\Program Files\Intel\Wireless\Bin\;C:\Program Files\QuickTime\QTSystem\;JAVA_HOME%\bin\;C:\Program Files\MySQL\MySQL Server 5.0\bin;c:\apache-maven-3.0.4\bin;C:\Program Files\TortoiseSVN\bin;C:\Ant\\bin;C:\Program Files\Sikuli X\libs;C:\Program Files\Java\jre6\\bin"/>
    <property name="surefire.test.class.path" value="C:\github-repo\agileseph\automated-testing-concepts\spice\technology-mix\jUnit_+_jBehave_Mix\target\test-classes;C:\github-repo\agileseph\automated-testing-concepts\spice\technology-mix\jUnit_+_jBehave_Mix\target\generated-classes\emma\classes;C:\Documents and Settings\seph\.m2\repository\org\hamcrest\hamcrest-core\1.3\hamcrest-core-1.3.jar;C:\Documents and Settings\seph\.m2\repository\junit\junit\4.11\junit-4.11.jar;C:\Documents and Settings\seph\.m2\repository\org\jbehave\jbehave-core\3.7.5\jbehave-core-3.7.5.jar;C:\Documents and Settings\seph\.m2\repository\junit\junit-dep\4.8.2\junit-dep-4.8.2.jar;C:\Documents and Settings\seph\.m2\repository\org\hamcrest\hamcrest-library\1.1\hamcrest-library-1.1.jar;C:\Documents and Settings\seph\.m2\repository\org\hamcrest\hamcrest-integration\1.1\hamcrest-integration-1.1.jar;C:\Documents and Settings\seph\.m2\repository\commons-collections\commons-collections\3.2.1\commons-collections-3.2.1.jar;C:\Documents and Settings\seph\.m2\repository\commons-io\commons-io\1.4\commons-io-1.4.jar;C:\Documents and Settings\seph\.m2\repository\commons-lang\commons-lang\2.5\commons-lang-2.5.jar;C:\Documents and Settings\seph\.m2\repository\org\codehaus\plexus\plexus-utils\2.0.5\plexus-utils-2.0.5.jar;C:\Documents and Settings\seph\.m2\repository\org\freemarker\freemarker\2.3.16\freemarker-2.3.16.jar;C:\Documents and Settings\seph\.m2\repository\com\thoughtworks\paranamer\paranamer\2.4\paranamer-2.4.jar;C:\Documents and Settings\seph\.m2\repository\com\thoughtworks\xstream\xstream\1.3.1\xstream-1.3.1.jar;C:\Documents and Settings\seph\.m2\repository\xpp3\xpp3_min\1.1.4c\xpp3_min-1.1.4c.jar;C:\Documents and Settings\seph\.m2\repository\log4j\log4j\1.2.16\log4j-1.2.16.jar;C:\Documents and Settings\seph\.m2\repository\emma\emma\2.1.5320\emma-2.1.5320.jar;C:\Documents and Settings\seph\.m2\repository\commons-logging\commons-logging\1.1.1\commons-logging-1.1.1.jar;"/>
    <property name="java.specification.name" value="Java Platform API Specification"/>
    <property name="java.class.version" value="50.0"/>
    <property name="sun.management.compiler" value="HotSpot Client Compiler"/>
    <property name="os.version" value="5.1"/>
    <property name="user.home" value="C:\Documents and Settings\seph"/>
    <property name="user.timezone" value="Europe/Minsk"/>
    <property name="java.awt.printerjob" value="sun.awt.windows.WPrinterJob"/>
    <property name="java.specification.version" value="1.6"/>
    <property name="file.encoding" value="Cp1251"/>
    <property name="user.name" value="seph"/>
    <property name="java.class.path" value="C:\github-repo\agileseph\automated-testing-concepts\spice\technology-mix\jUnit_+_jBehave_Mix\target\test-classes;C:\github-repo\agileseph\automated-testing-concepts\spice\technology-mix\jUnit_+_jBehave_Mix\target\generated-classes\emma\classes;C:\Documents and Settings\seph\.m2\repository\org\hamcrest\hamcrest-core\1.3\hamcrest-core-1.3.jar;C:\Documents and Settings\seph\.m2\repository\junit\junit\4.11\junit-4.11.jar;C:\Documents and Settings\seph\.m2\repository\org\jbehave\jbehave-core\3.7.5\jbehave-core-3.7.5.jar;C:\Documents and Settings\seph\.m2\repository\junit\junit-dep\4.8.2\junit-dep-4.8.2.jar;C:\Documents and Settings\seph\.m2\repository\org\hamcrest\hamcrest-library\1.1\hamcrest-library-1.1.jar;C:\Documents and Settings\seph\.m2\repository\org\hamcrest\hamcrest-integration\1.1\hamcrest-integration-1.1.jar;C:\Documents and Settings\seph\.m2\repository\commons-collections\commons-collections\3.2.1\commons-collections-3.2.1.jar;C:\Documents and Settings\seph\.m2\repository\commons-io\commons-io\1.4\commons-io-1.4.jar;C:\Documents and Settings\seph\.m2\repository\commons-lang\commons-lang\2.5\commons-lang-2.5.jar;C:\Documents and Settings\seph\.m2\repository\org\codehaus\plexus\plexus-utils\2.0.5\plexus-utils-2.0.5.jar;C:\Documents and Settings\seph\.m2\repository\org\freemarker\freemarker\2.3.16\freemarker-2.3.16.jar;C:\Documents and Settings\seph\.m2\repository\com\thoughtworks\paranamer\paranamer\2.4\paranamer-2.4.jar;C:\Documents and Settings\seph\.m2\repository\com\thoughtworks\xstream\xstream\1.3.1\xstream-1.3.1.jar;C:\Documents and Settings\seph\.m2\repository\xpp3\xpp3_min\1.1.4c\xpp3_min-1.1.4c.jar;C:\Documents and Settings\seph\.m2\repository\log4j\log4j\1.2.16\log4j-1.2.16.jar;C:\Documents and Settings\seph\.m2\repository\emma\emma\2.1.5320\emma-2.1.5320.jar;C:\Documents and Settings\seph\.m2\repository\commons-logging\commons-logging\1.1.1\commons-logging-1.1.1.jar;"/>
    <property name="java.vm.specification.version" value="1.0"/>
    <property name="sun.arch.data.model" value="32"/>
    <property name="java.home" value="c:\Java\jdk1.6.0_10\jre"/>
    <property name="java.specification.vendor" value="Sun Microsystems Inc."/>
    <property name="user.language" value="ru"/>
    <property name="awt.toolkit" value="sun.awt.windows.WToolkit"/>
    <property name="java.vm.info" value="mixed mode, sharing"/>
    <property name="java.version" value="1.6.0_10-rc"/>
    <property name="java.ext.dirs" value="c:\Java\jdk1.6.0_10\jre\lib\ext;C:\WINDOWS\Sun\Java\lib\ext"/>
    <property name="sun.boot.class.path" value="c:\Java\jdk1.6.0_10\jre\lib\resources.jar;c:\Java\jdk1.6.0_10\jre\lib\rt.jar;c:\Java\jdk1.6.0_10\jre\lib\sunrsasign.jar;c:\Java\jdk1.6.0_10\jre\lib\jsse.jar;c:\Java\jdk1.6.0_10\jre\lib\jce.jar;c:\Java\jdk1.6.0_10\jre\lib\charsets.jar;c:\Java\jdk1.6.0_10\jre\classes"/>
    <property name="java.vendor" value="Sun Microsystems Inc."/>
    <property name="localRepository" value="C:\Documents and Settings\seph\.m2\repository"/>
    <property name="file.separator" value="\"/>
    <property name="java.vendor.url.bug" value="http://java.sun.com/cgi-bin/bugreport.cgi"/>
    <property name="sun.cpu.endian" value="little"/>
    <property name="sun.io.unicode.encoding" value="UnicodeLittle"/>
    <property name="sun.desktop" value="windows"/>
    <property name="sun.cpu.isalist" value="pentium_pro+mmx pentium_pro pentium+mmx pentium i486 i386 i86"/>
  </properties>
  <testcase time="0.25" classname="com.organization.automation.project.spice.mix.bdd.jbehave.AbstractTCStory_UnitTests" name="run"/>
</testsuite>